c:\users\adam\documents\visual studio 2012\projects\linkutilization\linkutilization\linkutilization\debug\vc110.pdb
c:\users\adam\documents\github\linkutilization\linkutilization\linkutilization\debug\interface.obj
c:\users\adam\documents\github\linkutilization\linkutilization\linkutilization\debug\linkutil.obj
c:\users\adam\documents\github\linkutilization\linkutilization\linkutilization\debug\vc110.pdb
c:\users\adam\documents\github\linkutilization\linkutilization\debug\linkutilization.ilk
c:\users\adam\documents\github\linkutilization\linkutilization\debug\linkutilization.exe
c:\users\adam\documents\github\linkutilization\linkutilization\debug\linkutilization.pdb
c:\users\adam.howell\documents\github\linkutilization\linkutilization\linkutilization\debug\vc120.pdb
c:\users\adam.howell\documents\github\linkutilization\linkutilization\linkutilization\debug\vc120.idb
c:\users\adam.howell\documents\github\linkutilization\linkutilization\linkutilization\debug\linkutil.obj
c:\users\adam.howell\documents\github\linkutilization\linkutilization\linkutilization\debug\interface.obj
c:\users\adam.howell\documents\github\linkutilization\linkutilization\debug\linkutilization.ilk
c:\users\adam.howell\documents\github\linkutilization\linkutilization\debug\linkutilization.exe
c:\users\adam.howell\documents\github\linkutilization\linkutilization\debug\linkutilization.pdb
c:\users\adam.howell\documents\github\linkutilization\linkutilization\linkutilization\debug\cl.command.1.tlog
c:\users\adam.howell\documents\github\linkutilization\linkutilization\linkutilization\debug\cl.read.1.tlog
c:\users\adam.howell\documents\github\linkutilization\linkutilization\linkutilization\debug\cl.write.1.tlog
c:\users\adam.howell\documents\github\linkutilization\linkutilization\linkutilization\debug\link-cvtres.read.1.tlog
c:\users\adam.howell\documents\github\linkutilization\linkutilization\linkutilization\debug\link-cvtres.write.1.tlog
c:\users\adam.howell\documents\github\linkutilization\linkutilization\linkutilization\debug\link-rc.read.1.tlog
c:\users\adam.howell\documents\github\linkutilization\linkutilization\linkutilization\debug\link-rc.write.1.tlog
c:\users\adam.howell\documents\github\linkutilization\linkutilization\linkutilization\debug\link.11636-cvtres.read.1.tlog
c:\users\adam.howell\documents\github\linkutilization\linkutilization\linkutilization\debug\link.11636-cvtres.write.1.tlog
c:\users\adam.howell\documents\github\linkutilization\linkutilization\linkutilization\debug\link.11636-rc.read.1.tlog
c:\users\adam.howell\documents\github\linkutilization\linkutilization\linkutilization\debug\link.11636-rc.write.1.tlog
c:\users\adam.howell\documents\github\linkutilization\linkutilization\linkutilization\debug\link.11636.read.1.tlog
c:\users\adam.howell\documents\github\linkutilization\linkutilization\linkutilization\debug\link.11636.write.1.tlog
c:\users\adam.howell\documents\github\linkutilization\linkutilization\linkutilization\debug\link.11848-cvtres.read.1.tlog
c:\users\adam.howell\documents\github\linkutilization\linkutilization\linkutilization\debug\link.11848-cvtres.write.1.tlog
c:\users\adam.howell\documents\github\linkutilization\linkutilization\linkutilization\debug\link.11848-rc.read.1.tlog
c:\users\adam.howell\documents\github\linkutilization\linkutilization\linkutilization\debug\link.11848-rc.write.1.tlog
c:\users\adam.howell\documents\github\linkutilization\linkutilization\linkutilization\debug\link.11848.read.1.tlog
c:\users\adam.howell\documents\github\linkutilization\linkutilization\linkutilization\debug\link.11848.write.1.tlog
c:\users\adam.howell\documents\github\linkutilization\linkutilization\linkutilization\debug\link.13364-cvtres.read.1.tlog
c:\users\adam.howell\documents\github\linkutilization\linkutilization\linkutilization\debug\link.13364-cvtres.write.1.tlog
c:\users\adam.howell\documents\github\linkutilization\linkutilization\linkutilization\debug\link.13364-rc.read.1.tlog
c:\users\adam.howell\documents\github\linkutilization\linkutilization\linkutilization\debug\link.13364-rc.write.1.tlog
c:\users\adam.howell\documents\github\linkutilization\linkutilization\linkutilization\debug\link.13364.read.1.tlog
c:\users\adam.howell\documents\github\linkutilization\linkutilization\linkutilization\debug\link.13364.write.1.tlog
c:\users\adam.howell\documents\github\linkutilization\linkutilization\linkutilization\debug\link.13368-cvtres.read.1.tlog
c:\users\adam.howell\documents\github\linkutilization\linkutilization\linkutilization\debug\link.13368-cvtres.write.1.tlog
c:\users\adam.howell\documents\github\linkutilization\linkutilization\linkutilization\debug\link.13368-rc.read.1.tlog
c:\users\adam.howell\documents\github\linkutilization\linkutilization\linkutilization\debug\link.13368-rc.write.1.tlog
c:\users\adam.howell\documents\github\linkutilization\linkutilization\linkutilization\debug\link.13368.read.1.tlog
c:\users\adam.howell\documents\github\linkutilization\linkutilization\linkutilization\debug\link.13368.write.1.tlog
c:\users\adam.howell\documents\github\linkutilization\linkutilization\linkutilization\debug\link.13924-cvtres.read.1.tlog
c:\users\adam.howell\documents\github\linkutilization\linkutilization\linkutilization\debug\link.13924-cvtres.write.1.tlog
c:\users\adam.howell\documents\github\linkutilization\linkutilization\linkutilization\debug\link.13924-rc.read.1.tlog
c:\users\adam.howell\documents\github\linkutilization\linkutilization\linkutilization\debug\link.13924-rc.write.1.tlog
c:\users\adam.howell\documents\github\linkutilization\linkutilization\linkutilization\debug\link.13924.read.1.tlog
c:\users\adam.howell\documents\github\linkutilization\linkutilization\linkutilization\debug\link.13924.write.1.tlog
c:\users\adam.howell\documents\github\linkutilization\linkutilization\linkutilization\debug\link.13980-cvtres.read.1.tlog
c:\users\adam.howell\documents\github\linkutilization\linkutilization\linkutilization\debug\link.13980-cvtres.write.1.tlog
c:\users\adam.howell\documents\github\linkutilization\linkutilization\linkutilization\debug\link.13980-rc.read.1.tlog
c:\users\adam.howell\documents\github\linkutilization\linkutilization\linkutilization\debug\link.13980-rc.write.1.tlog
c:\users\adam.howell\documents\github\linkutilization\linkutilization\linkutilization\debug\link.13980.read.1.tlog
c:\users\adam.howell\documents\github\linkutilization\linkutilization\linkutilization\debug\link.13980.write.1.tlog
c:\users\adam.howell\documents\github\linkutilization\linkutilization\linkutilization\debug\link.14800-cvtres.read.1.tlog
c:\users\adam.howell\documents\github\linkutilization\linkutilization\linkutilization\debug\link.14800-cvtres.write.1.tlog
c:\users\adam.howell\documents\github\linkutilization\linkutilization\linkutilization\debug\link.14800-rc.read.1.tlog
c:\users\adam.howell\documents\github\linkutilization\linkutilization\linkutilization\debug\link.14800-rc.write.1.tlog
c:\users\adam.howell\documents\github\linkutilization\linkutilization\linkutilization\debug\link.14800.read.1.tlog
c:\users\adam.howell\documents\github\linkutilization\linkutilization\linkutilization\debug\link.14800.write.1.tlog
c:\users\adam.howell\documents\github\linkutilization\linkutilization\linkutilization\debug\link.3048-cvtres.read.1.tlog
c:\users\adam.howell\documents\github\linkutilization\linkutilization\linkutilization\debug\link.3048-cvtres.write.1.tlog
c:\users\adam.howell\documents\github\linkutilization\linkutilization\linkutilization\debug\link.3048-rc.read.1.tlog
c:\users\adam.howell\documents\github\linkutilization\linkutilization\linkutilization\debug\link.3048-rc.write.1.tlog
c:\users\adam.howell\documents\github\linkutilization\linkutilization\linkutilization\debug\link.3048.read.1.tlog
c:\users\adam.howell\documents\github\linkutilization\linkutilization\linkutilization\debug\link.3048.write.1.tlog
c:\users\adam.howell\documents\github\linkutilization\linkutilization\linkutilization\debug\link.4008-cvtres.read.1.tlog
c:\users\adam.howell\documents\github\linkutilization\linkutilization\linkutilization\debug\link.4008-cvtres.write.1.tlog
c:\users\adam.howell\documents\github\linkutilization\linkutilization\linkutilization\debug\link.4008-rc.read.1.tlog
c:\users\adam.howell\documents\github\linkutilization\linkutilization\linkutilization\debug\link.4008-rc.write.1.tlog
c:\users\adam.howell\documents\github\linkutilization\linkutilization\linkutilization\debug\link.4008.read.1.tlog
c:\users\adam.howell\documents\github\linkutilization\linkutilization\linkutilization\debug\link.4008.write.1.tlog
c:\users\adam.howell\documents\github\linkutilization\linkutilization\linkutilization\debug\link.6520-cvtres.read.1.tlog
c:\users\adam.howell\documents\github\linkutilization\linkutilization\linkutilization\debug\link.6520-cvtres.write.1.tlog
c:\users\adam.howell\documents\github\linkutilization\linkutilization\linkutilization\debug\link.6520-rc.read.1.tlog
c:\users\adam.howell\documents\github\linkutilization\linkutilization\linkutilization\debug\link.6520-rc.write.1.tlog
c:\users\adam.howell\documents\github\linkutilization\linkutilization\linkutilization\debug\link.6520.read.1.tlog
c:\users\adam.howell\documents\github\linkutilization\linkutilization\linkutilization\debug\link.6520.write.1.tlog
c:\users\adam.howell\documents\github\linkutilization\linkutilization\linkutilization\debug\link.7888-cvtres.read.1.tlog
c:\users\adam.howell\documents\github\linkutilization\linkutilization\linkutilization\debug\link.7888-cvtres.write.1.tlog
c:\users\adam.howell\documents\github\linkutilization\linkutilization\linkutilization\debug\link.7888-rc.read.1.tlog
c:\users\adam.howell\documents\github\linkutilization\linkutilization\linkutilization\debug\link.7888-rc.write.1.tlog
c:\users\adam.howell\documents\github\linkutilization\linkutilization\linkutilization\debug\link.7888.read.1.tlog
c:\users\adam.howell\documents\github\linkutilization\linkutilization\linkutilization\debug\link.7888.write.1.tlog
c:\users\adam.howell\documents\github\linkutilization\linkutilization\linkutilization\debug\link.8484-cvtres.read.1.tlog
c:\users\adam.howell\documents\github\linkutilization\linkutilization\linkutilization\debug\link.8484-cvtres.write.1.tlog
c:\users\adam.howell\documents\github\linkutilization\linkutilization\linkutilization\debug\link.8484-rc.read.1.tlog
c:\users\adam.howell\documents\github\linkutilization\linkutilization\linkutilization\debug\link.8484-rc.write.1.tlog
c:\users\adam.howell\documents\github\linkutilization\linkutilization\linkutilization\debug\link.8484.read.1.tlog
c:\users\adam.howell\documents\github\linkutilization\linkutilization\linkutilization\debug\link.8484.write.1.tlog
c:\users\adam.howell\documents\github\linkutilization\linkutilization\linkutilization\debug\link.8576-cvtres.read.1.tlog
c:\users\adam.howell\documents\github\linkutilization\linkutilization\linkutilization\debug\link.8576-cvtres.write.1.tlog
c:\users\adam.howell\documents\github\linkutilization\linkutilization\linkutilization\debug\link.8576-rc.read.1.tlog
c:\users\adam.howell\documents\github\linkutilization\linkutilization\linkutilization\debug\link.8576-rc.write.1.tlog
c:\users\adam.howell\documents\github\linkutilization\linkutilization\linkutilization\debug\link.8576.read.1.tlog
c:\users\adam.howell\documents\github\linkutilization\linkutilization\linkutilization\debug\link.8576.write.1.tlog
c:\users\adam.howell\documents\github\linkutilization\linkutilization\linkutilization\debug\link.9004-cvtres.read.1.tlog
c:\users\adam.howell\documents\github\linkutilization\linkutilization\linkutilization\debug\link.9004-cvtres.write.1.tlog
c:\users\adam.howell\documents\github\linkutilization\linkutilization\linkutilization\debug\link.9004-rc.read.1.tlog
c:\users\adam.howell\documents\github\linkutilization\linkutilization\linkutilization\debug\link.9004-rc.write.1.tlog
c:\users\adam.howell\documents\github\linkutilization\linkutilization\linkutilization\debug\link.9004.read.1.tlog
c:\users\adam.howell\documents\github\linkutilization\linkutilization\linkutilization\debug\link.9004.write.1.tlog
c:\users\adam.howell\documents\github\linkutilization\linkutilization\linkutilization\debug\link.command.1.tlog
c:\users\adam.howell\documents\github\linkutilization\linkutilization\linkutilization\debug\link.read.1.tlog
c:\users\adam.howell\documents\github\linkutilization\linkutilization\linkutilization\debug\link.write.1.tlog
c:\users\adam.howell\documents\github\linkutilization\linkutilization\linkutilization\debug\vc110.idb
c:\users\adam.howell\documents\github\linkutilization\linkutilization\linkutilization\debug\vc110.pdb
c:\users\adam.howell\documents\github\linkutilization\linkutilization\linkutilization\debug\linkutilization.tlog\cl.command.1.tlog
c:\users\adam.howell\documents\github\linkutilization\linkutilization\linkutilization\debug\linkutilization.tlog\cl.read.1.tlog
c:\users\adam.howell\documents\github\linkutilization\linkutilization\linkutilization\debug\linkutilization.tlog\cl.write.1.tlog
c:\users\adam.howell\documents\github\linkutilization\linkutilization\linkutilization\debug\linkutilization.tlog\link.command.1.tlog
c:\users\adam.howell\documents\github\linkutilization\linkutilization\linkutilization\debug\linkutilization.tlog\link.read.1.tlog
c:\users\adam.howell\documents\github\linkutilization\linkutilization\linkutilization\debug\linkutilization.tlog\link.write.1.tlog
